This is pdfTeX, Version 3.14159265-2.6-1.40.21 (TeX Live 2020/W32TeX) (preloaded format=pdflatex 2021.3.5)  7 MAR 2021 00:18
entering extended mode
 restricted \write18 enabled.
 %&-line parsing enabled.
**maxlogL.tex
(./maxlogL.tex
LaTeX2e <2020-10-01> patch level 4
L3 programming layer <2021-02-18> (./jss.cls
Document Class: jss 2015/09/01 3.0 jss class by Achim Zeileis

(c:/Users/USUARIO/AppData/Roaming/TinyTeX/texmf-dist/tex/latex/base/article.cls
Document Class: article 2020/04/10 v1.4m Standard LaTeX document class
(c:/Users/USUARIO/AppData/Roaming/TinyTeX/texmf-dist/tex/latex/base/size11.clo
File: size11.clo 2020/04/10 v1.4m Standard LaTeX file (size option)
)
\c@part=\count179
\c@section=\count180
\c@subsection=\count181
\c@subsubsection=\count182
\c@paragraph=\count183
\c@subparagraph=\count184
\c@figure=\count185
\c@table=\count186
\abovecaptionskip=\skip47
\belowcaptionskip=\skip48
\bibindent=\dimen138
)
(c:/Users/USUARIO/AppData/Roaming/TinyTeX/texmf-dist/tex/latex/graphics/graphic
x.sty
Package: graphicx 2020/09/09 v1.2b Enhanced LaTeX Graphics (DPC,SPQR)

(c:/Users/USUARIO/AppData/Roaming/TinyTeX/texmf-dist/tex/latex/graphics/keyval.
sty
Package: keyval 2014/10/28 v1.15 key=value parser (DPC)
\KV@toks@=\toks15
)
(c:/Users/USUARIO/AppData/Roaming/TinyTeX/texmf-dist/tex/latex/graphics/graphic
s.sty
Package: graphics 2020/08/30 v1.4c Standard LaTeX Graphics (DPC,SPQR)

(c:/Users/USUARIO/AppData/Roaming/TinyTeX/texmf-dist/tex/latex/graphics/trig.st
y
Package: trig 2016/01/03 v1.10 sin cos tan (DPC)
)
(c:/Users/USUARIO/AppData/Roaming/TinyTeX/texmf-dist/tex/latex/graphics-cfg/gra
phics.cfg
File: graphics.cfg 2016/06/04 v1.11 sample graphics configuration
)
Package graphics Info: Driver file: pdftex.def on input line 105.

(c:/Users/USUARIO/AppData/Roaming/TinyTeX/texmf-dist/tex/latex/graphics-def/pdf
tex.def
File: pdftex.def 2020/10/05 v1.2a Graphics/color driver for pdftex
))
\Gin@req@height=\dimen139
\Gin@req@width=\dimen140
)
(c:/Users/USUARIO/AppData/Roaming/TinyTeX/texmf-dist/tex/latex/graphics/color.s
ty
Package: color 2020/02/24 v1.2b Standard LaTeX Color (DPC)

(c:/Users/USUARIO/AppData/Roaming/TinyTeX/texmf-dist/tex/latex/graphics-cfg/col
or.cfg
File: color.cfg 2016/01/02 v1.6 sample color configuration
)
Package color Info: Driver file: pdftex.def on input line 147.
)
(c:/Users/USUARIO/AppData/Roaming/TinyTeX/texmf-dist/tex/latex/ae/ae.sty
Package: ae 2001/02/12 1.3 Almost European Computer Modern

(c:/Users/USUARIO/AppData/Roaming/TinyTeX/texmf-dist/tex/latex/base/fontenc.sty
Package: fontenc 2020/08/10 v2.0s Standard LaTeX package
))
(c:/Users/USUARIO/AppData/Roaming/TinyTeX/texmf-dist/tex/latex/fancyvrb/fancyvr
b.sty
Package: fancyvrb 2021/01/20 v3.7 verbatim text (tvz,hv)
\FV@CodeLineNo=\count187
\FV@InFile=\read2
\FV@TabBox=\box47
\c@FancyVerbLine=\count188
\FV@StepNumber=\count189
\FV@OutFile=\write3
)
(c:/Users/USUARIO/AppData/Roaming/TinyTeX/texmf-dist/tex/latex/base/fontenc.sty
Package: fontenc 2020/08/10 v2.0s Standard LaTeX package
LaTeX Font Info:    Trying to load font information for T1+aer on input line 11
2.
(c:/Users/USUARIO/AppData/Roaming/TinyTeX/texmf-dist/tex/latex/ae/t1aer.fd
File: t1aer.fd 1997/11/16 Font definitions for T1/aer.
))
(c:/Users/USUARIO/AppData/Roaming/TinyTeX/texmf-dist/tex/latex/natbib/natbib.st
y
Package: natbib 2010/09/13 8.31b (PWD, AO)
\bibhang=\skip49
\bibsep=\skip50
LaTeX Info: Redefining \cite on input line 694.
\c@NAT@ctr=\count190
)
\footerskip=\skip51

(c:/Users/USUARIO/AppData/Roaming/TinyTeX/texmf-dist/tex/latex/hyperref/hyperre
f.sty
Package: hyperref 2021-02-27 v7.00k Hypertext links for LaTeX

(c:/Users/USUARIO/AppData/Roaming/TinyTeX/texmf-dist/tex/generic/ltxcmds/ltxcmd
s.sty
Package: ltxcmds 2020-05-10 v1.25 LaTeX kernel commands for general use (HO)
)
(c:/Users/USUARIO/AppData/Roaming/TinyTeX/texmf-dist/tex/generic/iftex/iftex.st
y
Package: iftex 2020/03/06 v1.0d TeX engine tests
)
(c:/Users/USUARIO/AppData/Roaming/TinyTeX/texmf-dist/tex/generic/pdftexcmds/pdf
texcmds.sty
Package: pdftexcmds 2020-06-27 v0.33 Utility functions of pdfTeX for LuaTeX (HO
)

(c:/Users/USUARIO/AppData/Roaming/TinyTeX/texmf-dist/tex/generic/infwarerr/infw
arerr.sty
Package: infwarerr 2019/12/03 v1.5 Providing info/warning/error messages (HO)
)
Package pdftexcmds Info: \pdf@primitive is available.
Package pdftexcmds Info: \pdf@ifprimitive is available.
Package pdftexcmds Info: \pdfdraftmode found.
)
(c:/Users/USUARIO/AppData/Roaming/TinyTeX/texmf-dist/tex/generic/kvsetkeys/kvse
tkeys.sty
Package: kvsetkeys 2019/12/15 v1.18 Key value parser (HO)
)
(c:/Users/USUARIO/AppData/Roaming/TinyTeX/texmf-dist/tex/generic/kvdefinekeys/k
vdefinekeys.sty
Package: kvdefinekeys 2019-12-19 v1.6 Define keys (HO)
)
(c:/Users/USUARIO/AppData/Roaming/TinyTeX/texmf-dist/tex/generic/pdfescape/pdfe
scape.sty
Package: pdfescape 2019/12/09 v1.15 Implements pdfTeX's escape features (HO)
)
(c:/Users/USUARIO/AppData/Roaming/TinyTeX/texmf-dist/tex/latex/hycolor/hycolor.
sty
Package: hycolor 2020-01-27 v1.10 Color options for hyperref/bookmark (HO)
)
(c:/Users/USUARIO/AppData/Roaming/TinyTeX/texmf-dist/tex/latex/letltxmacro/letl
txmacro.sty
Package: letltxmacro 2019/12/03 v1.6 Let assignment for LaTeX macros (HO)
)
(c:/Users/USUARIO/AppData/Roaming/TinyTeX/texmf-dist/tex/latex/auxhook/auxhook.
sty
Package: auxhook 2019-12-17 v1.6 Hooks for auxiliary files (HO)
)
(c:/Users/USUARIO/AppData/Roaming/TinyTeX/texmf-dist/tex/latex/kvoptions/kvopti
ons.sty
Package: kvoptions 2020-10-07 v3.14 Key value format for package options (HO)
)
\@linkdim=\dimen141
\Hy@linkcounter=\count191
\Hy@pagecounter=\count192

(c:/Users/USUARIO/AppData/Roaming/TinyTeX/texmf-dist/tex/latex/hyperref/pd1enc.
def
File: pd1enc.def 2021-02-27 v7.00k Hyperref: PDFDocEncoding definition (HO)
Now handling font encoding PD1 ...
... no UTF-8 mapping file for font encoding PD1
)
(c:/Users/USUARIO/AppData/Roaming/TinyTeX/texmf-dist/tex/latex/hyperref/hyperre
f-langpatches.def
File: hyperref-langpatches.def 2021-02-27 v7.00k Hyperref: patches for babel la
nguages
)
(c:/Users/USUARIO/AppData/Roaming/TinyTeX/texmf-dist/tex/generic/intcalc/intcal
c.sty
Package: intcalc 2019/12/15 v1.3 Expandable calculations with integers (HO)
)
(c:/Users/USUARIO/AppData/Roaming/TinyTeX/texmf-dist/tex/generic/etexcmds/etexc
mds.sty
Package: etexcmds 2019/12/15 v1.7 Avoid name clashes with e-TeX commands (HO)
)
\Hy@SavedSpaceFactor=\count193

(c:/Users/USUARIO/AppData/Roaming/TinyTeX/texmf-dist/tex/latex/hyperref/puenc.d
ef
File: puenc.def 2021-02-27 v7.00k Hyperref: PDF Unicode definition (HO)
Now handling font encoding PU ...
... no UTF-8 mapping file for font encoding PU
)
Package hyperref Info: Hyper figures OFF on input line 4192.
Package hyperref Info: Link nesting OFF on input line 4197.
Package hyperref Info: Hyper index ON on input line 4200.
Package hyperref Info: Plain pages OFF on input line 4207.
Package hyperref Info: Backreferencing OFF on input line 4212.
Package hyperref Info: Implicit mode ON; LaTeX internals redefined.
Package hyperref Info: Bookmarks ON on input line 4445.
\c@Hy@tempcnt=\count194
 (c:/Users/USUARIO/AppData/Roaming/TinyTeX/texmf-dist/tex/latex/url/url.sty
\Urlmuskip=\muskip16
Package: url 2013/09/16  ver 3.4  Verb mode for urls, etc.
)
LaTeX Info: Redefining \url on input line 4804.
\XeTeXLinkMargin=\dimen142

(c:/Users/USUARIO/AppData/Roaming/TinyTeX/texmf-dist/tex/generic/bitset/bitset.
sty
Package: bitset 2019/12/09 v1.3 Handle bit-vector datatype (HO)

(c:/Users/USUARIO/AppData/Roaming/TinyTeX/texmf-dist/tex/generic/bigintcalc/big
intcalc.sty
Package: bigintcalc 2019/12/15 v1.5 Expandable calculations on big integers (HO
)
))
\Fld@menulength=\count195
\Field@Width=\dimen143
\Fld@charsize=\dimen144
Package hyperref Info: Hyper figures OFF on input line 6075.
Package hyperref Info: Link nesting OFF on input line 6080.
Package hyperref Info: Hyper index ON on input line 6083.
Package hyperref Info: backreferencing OFF on input line 6090.
Package hyperref Info: Link coloring OFF on input line 6095.
Package hyperref Info: Link coloring with OCG OFF on input line 6100.
Package hyperref Info: PDF/A mode OFF on input line 6105.
LaTeX Info: Redefining \ref on input line 6145.
LaTeX Info: Redefining \pageref on input line 6149.

(c:/Users/USUARIO/AppData/Roaming/TinyTeX/texmf-dist/tex/latex/base/atbegshi-lt
x.sty
Package: atbegshi-ltx 2020/08/17 v1.0a Emulation of the original atbegshi packa
ge
with kernel methods
)
\Hy@abspage=\count196
\c@Item=\count197
\c@Hfootnote=\count198
)
Package hyperref Info: Driver (autodetected): hpdftex.

(c:/Users/USUARIO/AppData/Roaming/TinyTeX/texmf-dist/tex/latex/hyperref/hpdftex
.def
File: hpdftex.def 2021-02-27 v7.00k Hyperref driver for pdfTeX

(c:/Users/USUARIO/AppData/Roaming/TinyTeX/texmf-dist/tex/latex/base/atveryend-l
tx.sty
Package: atveryend-ltx 2020/08/19 v1.0a Emulation of the original atvery packag
e
with kernel methods
)
\Fld@listcount=\count199
\c@bookmark@seq@number=\count266

(c:/Users/USUARIO/AppData/Roaming/TinyTeX/texmf-dist/tex/latex/rerunfilecheck/r
erunfilecheck.sty
Package: rerunfilecheck 2019/12/05 v1.9 Rerun checks for auxiliary files (HO)

(c:/Users/USUARIO/AppData/Roaming/TinyTeX/texmf-dist/tex/generic/uniquecounter/
uniquecounter.sty
Package: uniquecounter 2019/12/15 v1.4 Provide unlimited unique counter (HO)
)
Package uniquecounter Info: New unique counter `rerunfilecheck' on input line 2
86.
)
\Hy@SectionHShift=\skip52
)
\preXLskip=\skip53
\preLskip=\skip54
\preMskip=\skip55
\preSskip=\skip56
\postMskip=\skip57
\postSskip=\skip58


Package hyperref Warning: Option `hyperindex' has already been used,
(hyperref)                setting the option has no effect on input line 466.

Package hyperref Info: Option `colorlinks' set `true' on input line 466.
Package hyperref Info: Option `linktocpage' set `true' on input line 466.
Package hyperref Info: Option `plainpages' set `false' on input line 466.
)
(c:/Users/USUARIO/AppData/Roaming/TinyTeX/texmf-dist/tex/generic/thumbpdf/thumb
pdf.sty
Package: thumbpdf 2018/09/07 v3.17 Inclusion of thumbnails (HO)
THUMBPDF: Compressed PDF objects of PDF 1.5 are not supported
)
(c:/Users/USUARIO/AppData/Roaming/TinyTeX/texmf-dist/tex/latex/lm/lmodern.sty
Package: lmodern 2009/10/30 v1.6 Latin Modern Fonts
LaTeX Font Info:    Overwriting symbol font `operators' in version `normal'
(Font)                  OT1/cmr/m/n --> OT1/lmr/m/n on input line 22.
LaTeX Font Info:    Overwriting symbol font `letters' in version `normal'
(Font)                  OML/cmm/m/it --> OML/lmm/m/it on input line 23.
LaTeX Font Info:    Overwriting symbol font `symbols' in version `normal'
(Font)                  OMS/cmsy/m/n --> OMS/lmsy/m/n on input line 24.
LaTeX Font Info:    Overwriting symbol font `largesymbols' in version `normal'
(Font)                  OMX/cmex/m/n --> OMX/lmex/m/n on input line 25.
LaTeX Font Info:    Overwriting symbol font `operators' in version `bold'
(Font)                  OT1/cmr/bx/n --> OT1/lmr/bx/n on input line 26.
LaTeX Font Info:    Overwriting symbol font `letters' in version `bold'
(Font)                  OML/cmm/b/it --> OML/lmm/b/it on input line 27.
LaTeX Font Info:    Overwriting symbol font `symbols' in version `bold'
(Font)                  OMS/cmsy/b/n --> OMS/lmsy/b/n on input line 28.
LaTeX Font Info:    Overwriting symbol font `largesymbols' in version `bold'
(Font)                  OMX/cmex/m/n --> OMX/lmex/m/n on input line 29.
LaTeX Font Info:    Overwriting math alphabet `\mathbf' in version `normal'
(Font)                  OT1/cmr/bx/n --> OT1/lmr/bx/n on input line 31.
LaTeX Font Info:    Overwriting math alphabet `\mathsf' in version `normal'
(Font)                  OT1/cmss/m/n --> OT1/lmss/m/n on input line 32.
LaTeX Font Info:    Overwriting math alphabet `\mathit' in version `normal'
(Font)                  OT1/cmr/m/it --> OT1/lmr/m/it on input line 33.
LaTeX Font Info:    Overwriting math alphabet `\mathtt' in version `normal'
(Font)                  OT1/cmtt/m/n --> OT1/lmtt/m/n on input line 34.
LaTeX Font Info:    Overwriting math alphabet `\mathbf' in version `bold'
(Font)                  OT1/cmr/bx/n --> OT1/lmr/bx/n on input line 35.
LaTeX Font Info:    Overwriting math alphabet `\mathsf' in version `bold'
(Font)                  OT1/cmss/bx/n --> OT1/lmss/bx/n on input line 36.
LaTeX Font Info:    Overwriting math alphabet `\mathit' in version `bold'
(Font)                  OT1/cmr/bx/it --> OT1/lmr/bx/it on input line 37.
LaTeX Font Info:    Overwriting math alphabet `\mathtt' in version `bold'
(Font)                  OT1/cmtt/m/n --> OT1/lmtt/m/n on input line 38.
)
(c:/Users/USUARIO/AppData/Roaming/TinyTeX/texmf-dist/tex/latex/amsmath/amsmath.
sty
Package: amsmath 2020/09/23 v2.17i AMS math features
\@mathmargin=\skip59

For additional information on amsmath, use the `?' option.

(c:/Users/USUARIO/AppData/Roaming/TinyTeX/texmf-dist/tex/latex/amsmath/amstext.
sty
Package: amstext 2000/06/29 v2.01 AMS text

(c:/Users/USUARIO/AppData/Roaming/TinyTeX/texmf-dist/tex/latex/amsmath/amsgen.s
ty
File: amsgen.sty 1999/11/30 v2.0 generic functions
\@emptytoks=\toks16
\ex@=\dimen145
))
(c:/Users/USUARIO/AppData/Roaming/TinyTeX/texmf-dist/tex/latex/amsmath/amsbsy.s
ty
Package: amsbsy 1999/11/29 v1.2d Bold Symbols
\pmbraise@=\dimen146
)
(c:/Users/USUARIO/AppData/Roaming/TinyTeX/texmf-dist/tex/latex/amsmath/amsopn.s
ty
Package: amsopn 2016/03/08 v2.02 operator names
)
\inf@bad=\count267
LaTeX Info: Redefining \frac on input line 234.
\uproot@=\count268
\leftroot@=\count269
LaTeX Info: Redefining \overline on input line 399.
\classnum@=\count270
\DOTSCASE@=\count271
LaTeX Info: Redefining \ldots on input line 496.
LaTeX Info: Redefining \dots on input line 499.
LaTeX Info: Redefining \cdots on input line 620.
\Mathstrutbox@=\box48
\strutbox@=\box49
\big@size=\dimen147
LaTeX Font Info:    Redeclaring font encoding OML on input line 743.
LaTeX Font Info:    Redeclaring font encoding OMS on input line 744.
\macc@depth=\count272
\c@MaxMatrixCols=\count273
\dotsspace@=\muskip17
\c@parentequation=\count274
\dspbrk@lvl=\count275
\tag@help=\toks17
\row@=\count276
\column@=\count277
\maxfields@=\count278
\andhelp@=\toks18
\eqnshift@=\dimen148
\alignsep@=\dimen149
\tagshift@=\dimen150
\tagwidth@=\dimen151
\totwidth@=\dimen152
\lineht@=\dimen153
\@envbody=\toks19
\multlinegap=\skip60
\multlinetaggap=\skip61
\mathdisplay@stack=\toks20
LaTeX Info: Redefining \[ on input line 2923.
LaTeX Info: Redefining \] on input line 2924.
)
(c:/Users/USUARIO/AppData/Roaming/TinyTeX/texmf-dist/tex/latex/tools/bm.sty
Package: bm 2019/07/24 v1.2d Bold Symbol Support (DPC/FMi)
\symboldoperators=\mathgroup4
\symboldletters=\mathgroup5
\symboldsymbols=\mathgroup6
LaTeX Font Info:    Redeclaring math alphabet \mathbf on input line 141.
LaTeX Info: Redefining \bm on input line 209.
)
(c:/Users/USUARIO/AppData/Roaming/TinyTeX/texmf-dist/tex/latex/amsfonts/amssymb
.sty
Package: amssymb 2013/01/14 v3.01 AMS font symbols

(c:/Users/USUARIO/AppData/Roaming/TinyTeX/texmf-dist/tex/latex/amsfonts/amsfont
s.sty
Package: amsfonts 2013/01/14 v3.01 Basic AMSFonts support
\symAMSa=\mathgroup7
\symAMSb=\mathgroup8
LaTeX Font Info:    Redeclaring math symbol \hbar on input line 98.
LaTeX Font Info:    Overwriting math alphabet `\mathfrak' in version `bold'
(Font)                  U/euf/m/n --> U/euf/b/n on input line 106.
))
(c:/Users/USUARIO/AppData/Roaming/TinyTeX/texmf-dist/tex/latex/caption/subcapti
on.sty
Package: subcaption 2020/10/07 v1.3j Sub-captions (AR)

(c:/Users/USUARIO/AppData/Roaming/TinyTeX/texmf-dist/tex/latex/caption/caption.
sty
Package: caption 2020/10/26 v3.5g Customizing captions (AR)

(c:/Users/USUARIO/AppData/Roaming/TinyTeX/texmf-dist/tex/latex/caption/caption3
.sty
Package: caption3 2020/10/21 v2.2e caption3 kernel (AR)
\captionmargin=\dimen154
\captionmargin@=\dimen155
\captionwidth=\dimen156
\caption@tempdima=\dimen157
\caption@indent=\dimen158
\caption@parindent=\dimen159
\caption@hangindent=\dimen160
Package caption Info: Standard document class detected.
)
\c@caption@flags=\count279
\c@continuedfloat=\count280
Package caption Info: hyperref package is loaded.
)
\c@subfigure=\count281
\c@subtable=\count282
)
(c:/Users/USUARIO/AppData/Roaming/TinyTeX/texmf-dist/tex/latex/float/float.sty
Package: float 2001/11/08 v1.3d Float enhancements (AL)
\c@float@type=\count283
\float@exts=\toks21
\float@box=\box50
\@float@everytoks=\toks22
\@floatcapt=\box51
)
(c:/Users/USUARIO/AppData/Roaming/TinyTeX/texmf-dist/tex/latex/xcolor/xcolor.st
y
Package: xcolor 2016/05/11 v2.12 LaTeX color extensions (UK)

(c:/Users/USUARIO/AppData/Roaming/TinyTeX/texmf-dist/tex/latex/graphics-cfg/col
or.cfg
File: color.cfg 2016/01/02 v1.6 sample color configuration
)
Package xcolor Info: Driver file: pdftex.def on input line 225.
LaTeX Info: Redefining \color on input line 709.
Package xcolor Info: Model `cmy' substituted by `cmy0' on input line 1348.
Package xcolor Info: Model `hsb' substituted by `rgb' on input line 1352.
Package xcolor Info: Model `RGB' extended on input line 1364.
Package xcolor Info: Model `HTML' substituted by `rgb' on input line 1366.
Package xcolor Info: Model `Hsb' substituted by `hsb' on input line 1367.
Package xcolor Info: Model `tHsb' substituted by `hsb' on input line 1368.
Package xcolor Info: Model `HSB' substituted by `hsb' on input line 1369.
Package xcolor Info: Model `Gray' substituted by `gray' on input line 1370.
Package xcolor Info: Model `wave' substituted by `hsb' on input line 1371.
)
(c:/Users/USUARIO/AppData/Roaming/TinyTeX/texmf-dist/tex/latex/framed/framed.st
y
Package: framed 2011/10/22 v 0.96: framed or shaded text with page breaks
\OuterFrameSep=\skip62
\fb@frw=\dimen161
\fb@frh=\dimen162
\FrameRule=\dimen163
\FrameSep=\dimen164
)
LaTeX Font Info:    Trying to load font information for T1+lmr on input line 85
.
 (c:/Users/USUARIO/AppData/Roaming/TinyTeX/texmf-dist/tex/latex/lm/t1lmr.fd
File: t1lmr.fd 2009/10/30 v1.6 Font defs for Latin Modern
)
(c:/Users/USUARIO/AppData/Roaming/TinyTeX/texmf-dist/tex/latex/l3backend/l3back
end-pdftex.def
File: l3backend-pdftex.def 2021-03-02 L3 backend support: PDF output (pdfTeX)
\l__color_backend_stack_int=\count284
\l__pdf_internal_box=\box52
) (./maxlogL.aux)
\openout1 = `maxlogL.aux'.

LaTeX Font Info:    Checking defaults for OML/cmm/m/it on input line 85.
LaTeX Font Info:    ... okay on input line 85.
LaTeX Font Info:    Checking defaults for OMS/cmsy/m/n on input line 85.
LaTeX Font Info:    ... okay on input line 85.
LaTeX Font Info:    Checking defaults for OT1/cmr/m/n on input line 85.
LaTeX Font Info:    ... okay on input line 85.
LaTeX Font Info:    Checking defaults for T1/cmr/m/n on input line 85.
LaTeX Font Info:    ... okay on input line 85.
LaTeX Font Info:    Checking defaults for TS1/cmr/m/n on input line 85.
LaTeX Font Info:    ... okay on input line 85.
LaTeX Font Info:    Checking defaults for OMX/cmex/m/n on input line 85.
LaTeX Font Info:    ... okay on input line 85.
LaTeX Font Info:    Checking defaults for U/cmr/m/n on input line 85.
LaTeX Font Info:    ... okay on input line 85.
LaTeX Font Info:    Checking defaults for PD1/pdf/m/n on input line 85.
LaTeX Font Info:    ... okay on input line 85.
LaTeX Font Info:    Checking defaults for PU/pdf/m/n on input line 85.
LaTeX Font Info:    ... okay on input line 85.

(c:/Users/USUARIO/AppData/Roaming/TinyTeX/texmf-dist/tex/latex/epstopdf-pkg/eps
topdf-base.sty
Package: epstopdf-base 2020-01-24 v2.11 Base part for package epstopdf
Package epstopdf-base Info: Redefining graphics rule for `.eps' on input line 4
85.

(c:/Users/USUARIO/AppData/Roaming/TinyTeX/texmf-dist/tex/latex/latexconfig/epst
opdf-sys.cfg
File: epstopdf-sys.cfg 2010/07/13 v1.3 Configuration of (r)epstopdf for TeX Liv
e
))
LaTeX Font Info:    Trying to load font information for T1+lmss on input line 8
5.

(c:/Users/USUARIO/AppData/Roaming/TinyTeX/texmf-dist/tex/latex/lm/t1lmss.fd
File: t1lmss.fd 2009/10/30 v1.6 Font defs for Latin Modern
)
LaTeX Font Info:    Trying to load font information for OT1+lmr on input line 8
5.

(c:/Users/USUARIO/AppData/Roaming/TinyTeX/texmf-dist/tex/latex/lm/ot1lmr.fd
File: ot1lmr.fd 2009/10/30 v1.6 Font defs for Latin Modern
)
LaTeX Font Info:    Trying to load font information for OML+lmm on input line 8
5.

(c:/Users/USUARIO/AppData/Roaming/TinyTeX/texmf-dist/tex/latex/lm/omllmm.fd
File: omllmm.fd 2009/10/30 v1.6 Font defs for Latin Modern
)
LaTeX Font Info:    Trying to load font information for OMS+lmsy on input line 
85.

(c:/Users/USUARIO/AppData/Roaming/TinyTeX/texmf-dist/tex/latex/lm/omslmsy.fd
File: omslmsy.fd 2009/10/30 v1.6 Font defs for Latin Modern
)
LaTeX Font Info:    Trying to load font information for OMX+lmex on input line 
85.

(c:/Users/USUARIO/AppData/Roaming/TinyTeX/texmf-dist/tex/latex/lm/omxlmex.fd
File: omxlmex.fd 2009/10/30 v1.6 Font defs for Latin Modern
)
LaTeX Font Info:    External font `lmex10' loaded for size
(Font)              <10.95> on input line 85.
LaTeX Font Info:    External font `lmex10' loaded for size
(Font)              <8> on input line 85.
LaTeX Font Info:    External font `lmex10' loaded for size
(Font)              <6> on input line 85.
LaTeX Font Info:    Trying to load font information for U+msa on input line 85.


(c:/Users/USUARIO/AppData/Roaming/TinyTeX/texmf-dist/tex/latex/amsfonts/umsa.fd
File: umsa.fd 2013/01/14 v3.01 AMS symbols A
)
LaTeX Font Info:    Trying to load font information for U+msb on input line 85.


(c:/Users/USUARIO/AppData/Roaming/TinyTeX/texmf-dist/tex/latex/amsfonts/umsb.fd
File: umsb.fd 2013/01/14 v3.01 AMS symbols B
)
LaTeX Font Info:    Trying to load font information for T1+lmtt on input line 8
5.
 (c:/Users/USUARIO/AppData/Roaming/TinyTeX/texmf-dist/tex/latex/lm/t1lmtt.fd
File: t1lmtt.fd 2009/10/30 v1.6 Font defs for Latin Modern
)
Package hyperref Info: Link coloring ON on input line 85.

(c:/Users/USUARIO/AppData/Roaming/TinyTeX/texmf-dist/tex/latex/hyperref/nameref
.sty
Package: nameref 2021-04-02 v2.47 Cross-referencing by name of section

(c:/Users/USUARIO/AppData/Roaming/TinyTeX/texmf-dist/tex/latex/refcount/refcoun
t.sty
Package: refcount 2019/12/15 v3.6 Data extraction from label references (HO)
)
(c:/Users/USUARIO/AppData/Roaming/TinyTeX/texmf-dist/tex/generic/gettitlestring
/gettitlestring.sty
Package: gettitlestring 2019/12/15 v1.6 Cleanup title references (HO)
)
\c@section@level=\count285
)
LaTeX Info: Redefining \ref on input line 85.
LaTeX Info: Redefining \pageref on input line 85.
LaTeX Info: Redefining \nameref on input line 85.
 (./maxlogL.out) (./maxlogL.out)
\@outlinefile=\write4
\openout4 = `maxlogL.out'.

Package caption Info: Begin \AtBeginDocument code.
Package caption Info: float package is loaded.
Package caption Info: End \AtBeginDocument code.


Package xcolor Warning: Incompatible color definition on input line 104.


Package xcolor Warning: Incompatible color definition on input line 104.


Package xcolor Warning: Incompatible color definition on input line 106.


Package xcolor Warning: Incompatible color definition on input line 106.


Package xcolor Warning: Incompatible color definition on input line 106.


Package xcolor Warning: Incompatible color definition on input line 106.


Package xcolor Warning: Incompatible color definition on input line 106.


Package xcolor Warning: Incompatible color definition on input line 106.


Package xcolor Warning: Incompatible color definition on input line 106.


Package xcolor Warning: Incompatible color definition on input line 106.


Package xcolor Warning: Incompatible color definition on input line 108.


Package xcolor Warning: Incompatible color definition on input line 108.


Package xcolor Warning: Incompatible color definition on input line 108.


Package xcolor Warning: Incompatible color definition on input line 108.


Underfull \vbox (badness 1789) has occurred while \output is active []

 [1

{c:/Users/USUARIO/AppData/Roaming/TinyTeX/texmf-var/fonts/map/pdftex/updmap/pdf
tex.map}]

Package xcolor Warning: Incompatible color definition on input line 144.


Package xcolor Warning: Incompatible color definition on input line 144.


Package xcolor Warning: Incompatible color definition on input line 154.


Overfull \hbox (5.47499pt too wide) has occurred while \output is active
\T1/lmr/m/n/10.95 2 []
 []

[2]

Package xcolor Warning: Incompatible color definition on input line 173.


Package xcolor Warning: Incompatible color definition on input line 173.


Package xcolor Warning: Incompatible color definition on input line 173.


Package xcolor Warning: Incompatible color definition on input line 173.


Overfull \hbox (5.47499pt too wide) has occurred while \output is active
[] \T1/lmr/m/n/10.95 3
 []

[3]
Overfull \hbox (5.47499pt too wide) has occurred while \output is active
\T1/lmr/m/n/10.95 4 []
 []

[4]

Package xcolor Warning: Incompatible color definition on input line 299.


Package xcolor Warning: Incompatible color definition on input line 299.


Overfull \hbox (11.92255pt too wide) in paragraph at lines 299--300
\T1/lmr/m/n/10.95 (an ex-po-nen-ti-ated ex-po-nen-tial bi-no-mial dis-tri-bu-ti
on, pro-posed by [][]Bak-ouch, Ris-ti¢, As-gharzadeh,
 []


Overfull \hbox (5.47499pt too wide) has occurred while \output is active
[] \T1/lmr/m/n/10.95 5
 []

[5]

Package xcolor Warning: Incompatible color definition on input line 305.

<article-norm_a.pdf, id=137, 722.7pt x 722.7pt>
File: article-norm_a.pdf Graphic file (type pdf)
<use article-norm_a.pdf>
Package pdftex.def Info: article-norm_a.pdf  used on input line 335.
(pdftex.def)             Requested size: 216.90276pt x 216.89989pt.
<article-norm_b.pdf, id=138, 722.7pt x 722.7pt>
File: article-norm_b.pdf Graphic file (type pdf)
<use article-norm_b.pdf>
Package pdftex.def Info: article-norm_b.pdf  used on input line 339.
(pdftex.def)             Requested size: 216.90276pt x 216.89989pt.

Underfull \vbox (badness 10000) has occurred while \output is active []


Overfull \hbox (5.47499pt too wide) has occurred while \output is active
\T1/lmr/m/n/10.95 6 []
 []

[6]

Package xcolor Warning: Incompatible color definition on input line 348.


Package xcolor Warning: Incompatible color definition on input line 348.


Package xcolor Warning: Incompatible color definition on input line 348.

<article-EEBa.pdf, id=147, 722.7pt x 722.7pt>
File: article-EEBa.pdf Graphic file (type pdf)
<use article-EEBa.pdf>
Package pdftex.def Info: article-EEBa.pdf  used on input line 356.
(pdftex.def)             Requested size: 216.90276pt x 216.89989pt.
<article-EEBb.pdf, id=148, 722.7pt x 722.7pt>
File: article-EEBb.pdf Graphic file (type pdf)
<use article-EEBb.pdf>
Package pdftex.def Info: article-EEBb.pdf  used on input line 360.
(pdftex.def)             Requested size: 216.90276pt x 216.89989pt.
<article-EEBc.pdf, id=149, 722.7pt x 722.7pt>
File: article-EEBc.pdf Graphic file (type pdf)
<use article-EEBc.pdf>
Package pdftex.def Info: article-EEBc.pdf  used on input line 365.
(pdftex.def)             Requested size: 216.90276pt x 216.89989pt.

Underfull \vbox (badness 10000) has occurred while \output is active []


Overfull \hbox (5.47499pt too wide) has occurred while \output is active
[] \T1/lmr/m/n/10.95 7
 []

[7 <./article-norm_a.pdf> <./article-norm_b.pdf>]

Package xcolor Warning: Incompatible color definition on input line 372.


Package xcolor Warning: Incompatible color definition on input line 372.


Package xcolor Warning: Incompatible color definition on input line 372.


Package xcolor Warning: Incompatible color definition on input line 372.


LaTeX Warning: Reference `fig:varnorm' on page 8 undefined on input line 372.


LaTeX Warning: Reference `fig:varZIP' on page 8 undefined on input line 372.


LaTeX Warning: Reference `fig:varEEB' on page 8 undefined on input line 372.


LaTeX Warning: Reference `append:variance' on page 8 undefined on input line 37
2.

<article-ZIPa.pdf, id=176, 722.7pt x 722.7pt>
File: article-ZIPa.pdf Graphic file (type pdf)
<use article-ZIPa.pdf>
Package pdftex.def Info: article-ZIPa.pdf  used on input line 379.
(pdftex.def)             Requested size: 216.90276pt x 216.89989pt.
<article-ZIPb.pdf, id=177, 722.7pt x 722.7pt>
File: article-ZIPb.pdf Graphic file (type pdf)
<use article-ZIPb.pdf>
Package pdftex.def Info: article-ZIPb.pdf  used on input line 383.
(pdftex.def)             Requested size: 216.90276pt x 216.89989pt.

Underfull \vbox (badness 10000) has occurred while \output is active []


Overfull \hbox (5.47499pt too wide) has occurred while \output is active
\T1/lmr/m/n/10.95 8 []
 []

[8 <./article-EEBa.pdf> <./article-EEBb.pdf> <./article-EEBc.pdf>]

Package xcolor Warning: Incompatible color definition on input line 423.


Package xcolor Warning: Incompatible color definition on input line 423.


Package xcolor Warning: Incompatible color definition on input line 423.


Package xcolor Warning: Incompatible color definition on input line 423.


Package xcolor Warning: Incompatible color definition on input line 426.


Package xcolor Warning: Incompatible color definition on input line 428.


Package xcolor Warning: Incompatible color definition on input line 428.


Overfull \hbox (5.47499pt too wide) has occurred while \output is active
[] \T1/lmr/m/n/10.95 9
 []

[9 <./article-ZIPa.pdf> <./article-ZIPb.pdf>]
Overfull \hbox (10.94998pt too wide) has occurred while \output is active
\T1/lmr/m/n/10.95 10 []
 []

[10]

Package xcolor Warning: Incompatible color definition on input line 487.


Package xcolor Warning: Incompatible color definition on input line 487.


Package xcolor Warning: Incompatible color definition on input line 487.

<article-PLexample_a.pdf, id=239, 722.7pt x 722.7pt>
File: article-PLexample_a.pdf Graphic file (type pdf)
<use article-PLexample_a.pdf>
Package pdftex.def Info: article-PLexample_a.pdf  used on input line 494.
(pdftex.def)             Requested size: 216.90276pt x 216.89989pt.
<article-PLexample_b.pdf, id=240, 722.7pt x 722.7pt>
File: article-PLexample_b.pdf Graphic file (type pdf)
<use article-PLexample_b.pdf>
Package pdftex.def Info: article-PLexample_b.pdf  used on input line 498.
(pdftex.def)             Requested size: 216.90276pt x 216.89989pt.

Package xcolor Warning: Incompatible color definition on input line 506.


Package xcolor Warning: Incompatible color definition on input line 506.


Package xcolor Warning: Incompatible color definition on input line 506.


Package xcolor Warning: Incompatible color definition on input line 506.


Package xcolor Warning: Incompatible color definition on input line 508.


Package xcolor Warning: Incompatible color definition on input line 508.


LaTeX Warning: `!h' float specifier changed to `!ht'.


Overfull \hbox (10.94998pt too wide) has occurred while \output is active
[] \T1/lmr/m/n/10.95 11
 []

[11 <./article-PLexample_a.pdf> <./article-PLexample_b.pdf>]

Package xcolor Warning: Incompatible color definition on input line 553.


Package xcolor Warning: Incompatible color definition on input line 553.


Overfull \hbox (10.94998pt too wide) has occurred while \output is active
\T1/lmr/m/n/10.95 12 []
 []

[12]

Package xcolor Warning: Incompatible color definition on input line 587.


Package xcolor Warning: Incompatible color definition on input line 587.


Package xcolor Warning: Incompatible color definition on input line 587.


Overfull \hbox (10.94998pt too wide) has occurred while \output is active
[] \T1/lmr/m/n/10.95 13
 []

[13]

Package xcolor Warning: Incompatible color definition on input line 633.


Package xcolor Warning: Incompatible color definition on input line 633.


Package xcolor Warning: Incompatible color definition on input line 633.

<article-RetentionPlot.pdf, id=287, 722.7pt x 722.7pt>
File: article-RetentionPlot.pdf Graphic file (type pdf)
<use article-RetentionPlot.pdf>
Package pdftex.def Info: article-RetentionPlot.pdf  used on input line 638.
(pdftex.def)             Requested size: 265.59494pt x 265.59732pt.

Underfull \hbox (badness 10000) in paragraph at lines 646--647

 []


Overfull \hbox (10.94998pt too wide) has occurred while \output is active
\T1/lmr/m/n/10.95 14 []
 []

[14 <./article-RetentionPlot.pdf>]

Package xcolor Warning: Incompatible color definition on input line 648.


Package xcolor Warning: Incompatible color definition on input line 648.

(./maxlogL.bbl

Package xcolor Warning: Incompatible color definition on input line 20.


Package xcolor Warning: Incompatible color definition on input line 21.


Package xcolor Warning: Incompatible color definition on input line 39.


Package xcolor Warning: Incompatible color definition on input line 48.


Package xcolor Warning: Incompatible color definition on input line 50.


Package xcolor Warning: Incompatible color definition on input line 57.


Package xcolor Warning: Incompatible color definition on input line 65.


Package xcolor Warning: Incompatible color definition on input line 67.


Package xcolor Warning: Incompatible color definition on input line 76.


Package xcolor Warning: Incompatible color definition on input line 77.


Package xcolor Warning: Incompatible color definition on input line 85.


Package xcolor Warning: Incompatible color definition on input line 87.


Underfull \hbox (badness 3323) in paragraph at lines 80--88
\T1/lmtt/m/n/10.95 1954 . 10414197$[][]\T1/lmr/m/n/10.95 .  URL [][]$\T1/lmtt/m
/n/10.95 http : / / www . tandfonline . com / doi / abs / 10 . 1080 / 03461238 
.
 []


Package xcolor Warning: Incompatible color definition on input line 94.


Package xcolor Warning: Incompatible color definition on input line 95.


Package xcolor Warning: Incompatible color definition on input line 102.


Package xcolor Warning: Incompatible color definition on input line 103.


Overfull \hbox (10.94998pt too wide) has occurred while \output is active
[] \T1/lmr/m/n/10.95 15
 []

[15]

Package xcolor Warning: Incompatible color definition on input line 110.


Package xcolor Warning: Incompatible color definition on input line 112.


Package xcolor Warning: Incompatible color definition on input line 125.


Package xcolor Warning: Incompatible color definition on input line 127.


Package xcolor Warning: Incompatible color definition on input line 140.


Package xcolor Warning: Incompatible color definition on input line 147.

)

Package xcolor Warning: Incompatible color definition on input line 656.


Overfull \hbox (10.94998pt too wide) has occurred while \output is active
\T1/lmr/m/n/10.95 16 []
 []

[16] (./maxlogL.aux)

LaTeX Warning: There were undefined references.

Package rerunfilecheck Info: File `maxlogL.out' has not changed.
(rerunfilecheck)             Checksum: FF25B1A7C71FD27A7C60AC2C68238F80;2306.
 ) 
Here is how much of TeX's memory you used:
 12094 strings out of 480971
 183743 string characters out of 5905997
 492163 words of memory out of 5000000
 29029 multiletter control sequences out of 15000+600000
 490406 words of font info for 78 fonts, out of 8000000 for 9000
 14 hyphenation exceptions out of 8191
 86i,17n,88p,762b,517s stack positions out of 5000i,500n,10000p,200000b,80000s
{c:/Users/USUARIO/AppData/Roaming/TinyTeX/texmf-dist/fonts/enc/dvips/lm/lm-ec
.enc}{c:/Users/USUARIO/AppData/Roaming/TinyTeX/texmf-dist/fonts/enc/dvips/lm/lm
-mathit.enc}{c:/Users/USUARIO/AppData/Roaming/TinyTeX/texmf-dist/fonts/enc/dvip
s/lm/lm-rm.enc}{c:/Users/USUARIO/AppData/Roaming/TinyTeX/texmf-dist/fonts/enc/d
vips/lm/lm-mathex.enc}{c:/Users/USUARIO/AppData/Roaming/TinyTeX/texmf-dist/font
s/enc/dvips/lm/lm-mathsy.enc}<c:/Users/USUARIO/AppData/Roaming/TinyTeX/texmf-di
st/fonts/type1/public/lm/lmb10.pfb><c:/Users/USUARIO/AppData/Roaming/TinyTeX/te
xmf-dist/fonts/type1/public/lm/lmbo10.pfb><c:/Users/USUARIO/AppData/Roaming/Tin
yTeX/texmf-dist/fonts/type1/public/lm/lmbx10.pfb><c:/Users/USUARIO/AppData/Roam
ing/TinyTeX/texmf-dist/fonts/type1/public/lm/lmbx12.pfb><c:/Users/USUARIO/AppDa
ta/Roaming/TinyTeX/texmf-dist/fonts/type1/public/lm/lmex10.pfb><c:/Users/USUARI
O/AppData/Roaming/TinyTeX/texmf-dist/fonts/type1/public/lm/lmmi10.pfb><c:/Users
/USUARIO/AppData/Roaming/TinyTeX/texmf-dist/fonts/type1/public/lm/lmmi6.pfb><c:
/Users/USUARIO/AppData/Roaming/TinyTeX/texmf-dist/fonts/type1/public/lm/lmmi8.p
fb><c:/Users/USUARIO/AppData/Roaming/TinyTeX/texmf-dist/fonts/type1/public/lm/l
mmib10.pfb><c:/Users/USUARIO/AppData/Roaming/TinyTeX/texmf-dist/fonts/type1/pub
lic/lm/lmr10.pfb><c:/Users/USUARIO/AppData/Roaming/TinyTeX/texmf-dist/fonts/typ
e1/public/lm/lmr8.pfb><c:/Users/USUARIO/AppData/Roaming/TinyTeX/texmf-dist/font
s/type1/public/lm/lmri10.pfb><c:/Users/USUARIO/AppData/Roaming/TinyTeX/texmf-di
st/fonts/type1/public/lm/lmro10.pfb><c:/Users/USUARIO/AppData/Roaming/TinyTeX/t
exmf-dist/fonts/type1/public/lm/lmss10.pfb><c:/Users/USUARIO/AppData/Roaming/Ti
nyTeX/texmf-dist/fonts/type1/public/lm/lmssbx10.pfb><c:/Users/USUARIO/AppData/R
oaming/TinyTeX/texmf-dist/fonts/type1/public/lm/lmsso10.pfb><c:/Users/USUARIO/A
ppData/Roaming/TinyTeX/texmf-dist/fonts/type1/public/lm/lmsy10.pfb><c:/Users/US
UARIO/AppData/Roaming/TinyTeX/texmf-dist/fonts/type1/public/lm/lmsy8.pfb><c:/Us
ers/USUARIO/AppData/Roaming/TinyTeX/texmf-dist/fonts/type1/public/lm/lmtt10.pfb
><c:/Users/USUARIO/AppData/Roaming/TinyTeX/texmf-dist/fonts/type1/public/lm/lmt
to10.pfb>
Output written on maxlogL.pdf (16 pages, 498705 bytes).
PDF statistics:
 430 PDF objects out of 1000 (max. 8388607)
 366 compressed objects within 4 object streams
 72 named destinations out of 1000 (max. 500000)
 139 words of extra memory for PDF output out of 10000 (max. 10000000)

